# JRE version: Java(TM) SE Runtime Environment (7.0_79-b15) (build 1.7.0_79-b15)
# Java VM: Java HotSpot(TM) 64-Bit Server VM (24.79-b02 mixed mode windows-amd64 compressed oops)
Heap
 PSYoungGen      total 67072K, used 55851K [0x00000007d5e00000, 0x00000007e0c00000, 0x0000000800000000)
  eden space 61952K, 82% used [0x00000007d5e00000,0x00000007d9027fc0,0x00000007d9a80000)
  from space 5120K, 87% used [0x00000007d9a80000,0x00000007d9ee2f00,0x00000007d9f80000)
  to   space 55808K, 0% used [0x00000007dd580000,0x00000007dd580000,0x00000007e0c00000)
 ParOldGen       total 218112K, used 51295K [0x0000000781a00000, 0x000000078ef00000, 0x00000007d5e00000)
  object space 218112K, 23% used [0x0000000781a00000,0x0000000784c17df0,0x000000078ef00000)
 PSPermGen       total 46592K, used 24269K [0x000000077c800000, 0x000000077f580000, 0x0000000781a00000)
  object space 46592K, 52% used [0x000000077c800000,0x000000077dfb3600,0x000000077f580000)
GC Heap History (10 events):
Event: 9.277 GC heap before
{Heap before GC invocations=3 (full 0):
 PSYoungGen      total 38400K, used 38393K [0x00000007d5e00000, 0x00000007d8880000, 0x0000000800000000)
  eden space 33280K, 100% used [0x00000007d5e00000,0x00000007d7e80000,0x00000007d7e80000)
  from space 5120K, 99% used [0x00000007d8380000,0x00000007d887e4a8,0x00000007d8880000)
  to   space 5120K, 0% used [0x00000007d7e80000,0x00000007d7e80000,0x00000007d8380000)
 ParOldGen       total 86016K, used 677K [0x0000000781a00000, 0x0000000786e00000, 0x00000007d5e00000)
  object space 86016K, 0% used [0x0000000781a00000,0x0000000781aa9720,0x0000000786e00000)
 PSPermGen       total 21504K, used 20513K [0x000000077c800000, 0x000000077dd00000, 0x0000000781a00000)
  object space 21504K, 95% used [0x000000077c800000,0x000000077dc08418,0x000000077dd00000)
Event: 9.314 GC heap after
Heap after GC invocations=3 (full 0):
 PSYoungGen      total 38400K, used 5112K [0x00000007d5e00000, 0x00000007da900000, 0x0000000800000000)
  eden space 33280K, 0% used [0x00000007d5e00000,0x00000007d5e00000,0x00000007d7e80000)
  from space 5120K, 99% used [0x00000007d7e80000,0x00000007d837e180,0x00000007d8380000)
  to   space 5120K, 0% used [0x00000007da400000,0x00000007da400000,0x00000007da900000)
 ParOldGen       total 86016K, used 57794K [0x0000000781a00000, 0x0000000786e00000, 0x00000007d5e00000)
  object space 86016K, 67% used [0x0000000781a00000,0x0000000785270b90,0x0000000786e00000)
 PSPermGen       total 21504K, used 20513K [0x000000077c800000, 0x000000077dd00000, 0x0000000781a00000)
  object space 21504K, 95% used [0x000000077c800000,0x000000077dc08418,0x000000077dd00000)
}
Event: 9.314 GC heap before
{Heap before GC invocations=4 (full 1):
 PSYoungGen      total 38400K, used 5112K [0x00000007d5e00000, 0x00000007da900000, 0x0000000800000000)
  eden space 33280K, 0% used [0x00000007d5e00000,0x00000007d5e00000,0x00000007d7e80000)
  from space 5120K, 99% used [0x00000007d7e80000,0x00000007d837e180,0x00000007d8380000)
  to   space 5120K, 0% used [0x00000007da400000,0x00000007da400000,0x00000007da900000)
 ParOldGen       total 86016K, used 57794K [0x0000000781a00000, 0x0000000786e00000, 0x00000007d5e00000)
  object space 86016K, 67% used [0x0000000781a00000,0x0000000785270b90,0x0000000786e00000)
 PSPermGen       total 21504K, used 20513K [0x000000077c800000, 0x000000077dd00000, 0x0000000781a00000)
  object space 21504K, 95% used [0x000000077c800000,0x000000077dc08418,0x000000077dd00000)
Event: 9.450 GC heap after
Heap after GC invocations=4 (full 1):
 PSYoungGen      total 38400K, used 0K [0x00000007d5e00000, 0x00000007da900000, 0x0000000800000000)
  eden space 33280K, 0% used [0x00000007d5e00000,0x00000007d5e00000,0x00000007d7e80000)
  from space 5120K, 0% used [0x00000007d7e80000,0x00000007d7e80000,0x00000007d8380000)
  to   space 5120K, 0% used [0x00000007da400000,0x00000007da400000,0x00000007da900000)
 ParOldGen       total 131072K, used 24979K [0x0000000781a00000, 0x0000000789a00000, 0x00000007d5e00000)
  object space 131072K, 19% used [0x0000000781a00000,0x0000000783264e30,0x0000000789a00000)
 PSPermGen       total 41472K, used 20506K [0x000000077c800000, 0x000000077f080000, 0x0000000781a00000)
  object space 41472K, 49% used [0x000000077c800000,0x000000077dc069b0,0x000000077f080000)
}
Event: 9.661 GC heap before
{Heap before GC invocations=5 (full 1):
 PSYoungGen      total 38400K, used 33280K [0x00000007d5e00000, 0x00000007da900000, 0x0000000800000000)
  eden space 33280K, 100% used [0x00000007d5e00000,0x00000007d7e80000,0x00000007d7e80000)
  from space 5120K, 0% used [0x00000007d7e80000,0x00000007d7e80000,0x00000007d8380000)
  to   space 5120K, 0% used [0x00000007da400000,0x00000007da400000,0x00000007da900000)
 ParOldGen       total 131072K, used 50215K [0x0000000781a00000, 0x0000000789a00000, 0x00000007d5e00000)
  object space 131072K, 38% used [0x0000000781a00000,0x0000000784b09e40,0x0000000789a00000)
 PSPermGen       total 41472K, used 20509K [0x000000077c800000, 0x000000077f080000, 0x0000000781a00000)
  object space 41472K, 49% used [0x000000077c800000,0x000000077dc07498,0x000000077f080000)
Event: 9.690 GC heap after
Heap after GC invocations=5 (full 1):
 PSYoungGen      total 56832K, used 224K [0x00000007d5e00000, 0x00000007da480000, 0x0000000800000000)
  eden space 56320K, 0% used [0x00000007d5e00000,0x00000007d5e00000,0x00000007d9500000)
  from space 512K, 43% used [0x00000007da400000,0x00000007da438390,0x00000007da480000)
  to   space 5120K, 0% used [0x00000007d9a80000,0x00000007d9a80000,0x00000007d9f80000)
 ParOldGen       total 131072K, used 106996K [0x0000000781a00000, 0x0000000789a00000, 0x00000007d5e00000)
  object space 131072K, 81% used [0x0000000781a00000,0x000000078827d270,0x0000000789a00000)
 PSPermGen       total 41472K, used 20509K [0x000000077c800000, 0x000000077f080000, 0x0000000781a00000)
  object space 41472K, 49% used [0x000000077c800000,0x000000077dc07498,0x000000077f080000)
}
Event: 9.690 GC heap before
{Heap before GC invocations=6 (full 2):
 PSYoungGen      total 56832K, used 224K [0x00000007d5e00000, 0x00000007da480000, 0x0000000800000000)
  eden space 56320K, 0% used [0x00000007d5e00000,0x00000007d5e00000,0x00000007d9500000)
  from space 512K, 43% used [0x00000007da400000,0x00000007da438390,0x00000007da480000)
  to   space 5120K, 0% used [0x00000007d9a80000,0x00000007d9a80000,0x00000007d9f80000)
 ParOldGen       total 131072K, used 106996K [0x0000000781a00000, 0x0000000789a00000, 0x00000007d5e00000)
  object space 131072K, 81% used [0x0000000781a00000,0x000000078827d270,0x0000000789a00000)
 PSPermGen       total 41472K, used 20509K [0x000000077c800000, 0x000000077f080000, 0x0000000781a00000)
  object space 41472K, 49% used [0x000000077c800000,0x000000077dc07498,0x000000077f080000)
Event: 9.763 GC heap after
Heap after GC invocations=6 (full 2):
 PSYoungGen      total 56832K, used 0K [0x00000007d5e00000, 0x00000007da480000, 0x0000000800000000)
  eden space 56320K, 0% used [0x00000007d5e00000,0x00000007d5e00000,0x00000007d9500000)
  from space 512K, 0% used [0x00000007da400000,0x00000007da400000,0x00000007da480000)
  to   space 5120K, 0% used [0x00000007d9a80000,0x00000007d9a80000,0x00000007d9f80000)
 ParOldGen       total 218112K, used 49636K [0x0000000781a00000, 0x000000078ef00000, 0x00000007d5e00000)
  object space 218112K, 22% used [0x0000000781a00000,0x0000000784a79060,0x000000078ef00000)
 PSPermGen       total 46592K, used 20509K [0x000000077c800000, 0x000000077f580000, 0x0000000781a00000)
  object space 46592K, 44% used [0x000000077c800000,0x000000077dc07498,0x000000077f580000)
}
Event: 11.697 GC heap before
{Heap before GC invocations=7 (full 2):
 PSYoungGen      total 56832K, used 56062K [0x00000007d5e00000, 0x00000007da480000, 0x0000000800000000)
  eden space 56320K, 99% used [0x00000007d5e00000,0x00000007d94bfbc8,0x00000007d9500000)
  from space 512K, 0% used [0x00000007da400000,0x00000007da400000,0x00000007da480000)
  to   space 5120K, 0% used [0x00000007d9a80000,0x00000007d9a80000,0x00000007d9f80000)
 ParOldGen       total 218112K, used 49636K [0x0000000781a00000, 0x000000078ef00000, 0x00000007d5e00000)
  object space 218112K, 22% used [0x0000000781a00000,0x0000000784a79060,0x000000078ef00000)
 PSPermGen       total 46592K, used 20899K [0x000000077c800000, 0x000000077f580000, 0x0000000781a00000)
  object space 46592K, 44% used [0x000000077c800000,0x000000077dc68e70,0x000000077f580000)
Event: 11.713 GC heap after
Heap after GC invocations=7 (full 2):
 PSYoungGen      total 67072K, used 4491K [0x00000007d5e00000, 0x00000007e0c00000, 0x0000000800000000)
  eden space 61952K, 0% used [0x00000007d5e00000,0x00000007d5e00000,0x00000007d9a80000)
  from space 5120K, 87% used [0x00000007d9a80000,0x00000007d9ee2f00,0x00000007d9f80000)
  to   space 55808K, 0% used [0x00000007dd580000,0x00000007dd580000,0x00000007e0c00000)
 ParOldGen       total 218112K, used 51295K [0x0000000781a00000, 0x000000078ef00000, 0x00000007d5e00000)
  object space 218112K, 23% used [0x0000000781a00000,0x0000000784c17df0,0x000000078ef00000)
 PSPermGen       total 46592K, used 20899K [0x000000077c800000, 0x000000077f580000, 0x0000000781a00000)
  object space 46592K, 44% used [0x000000077c800000,0x000000077dc68e70,0x000000077f580000)
}

