# JRE version: Java(TM) SE Runtime Environment (7.0_79-b15) (build 1.7.0_79-b15)
# Java VM: Java HotSpot(TM) 64-Bit Server VM (24.79-b02 mixed mode windows-amd64 compressed oops)
Heap
 PSYoungGen      total 53248K, used 51059K [0x00000007d5e00000, 0x00000007da480000, 0x0000000800000000)
  eden space 52736K, 96% used [0x00000007d5e00000,0x00000007d8fdcc30,0x00000007d9180000)
  from space 512K, 0% used [0x00000007da400000,0x00000007da400000,0x00000007da480000)
  to   space 5120K, 0% used [0x00000007d9a80000,0x00000007d9a80000,0x00000007d9f80000)
 ParOldGen       total 223744K, used 49627K [0x0000000781a00000, 0x000000078f480000, 0x00000007d5e00000)
  object space 223744K, 22% used [0x0000000781a00000,0x0000000784a76de0,0x000000078f480000)
 PSPermGen       total 46080K, used 20911K [0x000000077c800000, 0x000000077f500000, 0x0000000781a00000)
  object space 46080K, 45% used [0x000000077c800000,0x000000077dc6bd68,0x000000077f500000)
GC Heap History (10 events):
Event: 8.975 GC heap before
{Heap before GC invocations=2 (full 0):
 PSYoungGen      total 38400K, used 38071K [0x00000007d5e00000, 0x00000007d8880000, 0x0000000800000000)
  eden space 33280K, 100% used [0x00000007d5e00000,0x00000007d7e80000,0x00000007d7e80000)
  from space 5120K, 93% used [0x00000007d7e80000,0x00000007d832df38,0x00000007d8380000)
  to   space 5120K, 0% used [0x00000007d8380000,0x00000007d8380000,0x00000007d8880000)
 ParOldGen       total 86016K, used 8K [0x0000000781a00000, 0x0000000786e00000, 0x00000007d5e00000)
  object space 86016K, 0% used [0x0000000781a00000,0x0000000781a02000,0x0000000786e00000)
 PSPermGen       total 21504K, used 16726K [0x000000077c800000, 0x000000077dd00000, 0x0000000781a00000)
  object space 21504K, 77% used [0x000000077c800000,0x000000077d8558f8,0x000000077dd00000)
Event: 9.007 GC heap after
Heap after GC invocations=2 (full 0):
 PSYoungGen      total 38400K, used 5089K [0x00000007d5e00000, 0x00000007d8880000, 0x0000000800000000)
  eden space 33280K, 0% used [0x00000007d5e00000,0x00000007d5e00000,0x00000007d7e80000)
  from space 5120K, 99% used [0x00000007d8380000,0x00000007d88784b0,0x00000007d8880000)
  to   space 5120K, 0% used [0x00000007d7e80000,0x00000007d7e80000,0x00000007d8380000)
 ParOldGen       total 86016K, used 631K [0x0000000781a00000, 0x0000000786e00000, 0x00000007d5e00000)
  object space 86016K, 0% used [0x0000000781a00000,0x0000000781a9ded8,0x0000000786e00000)
 PSPermGen       total 21504K, used 16726K [0x000000077c800000, 0x000000077dd00000, 0x0000000781a00000)
  object space 21504K, 77% used [0x000000077c800000,0x000000077d8558f8,0x000000077dd00000)
}
Event: 10.678 GC heap before
{Heap before GC invocations=3 (full 0):
 PSYoungGen      total 38400K, used 38359K [0x00000007d5e00000, 0x00000007d8880000, 0x0000000800000000)
  eden space 33280K, 99% used [0x00000007d5e00000,0x00000007d7e7daa0,0x00000007d7e80000)
  from space 5120K, 99% used [0x00000007d8380000,0x00000007d88784b0,0x00000007d8880000)
  to   space 5120K, 0% used [0x00000007d7e80000,0x00000007d7e80000,0x00000007d8380000)
 ParOldGen       total 86016K, used 631K [0x0000000781a00000, 0x0000000786e00000, 0x00000007d5e00000)
  object space 86016K, 0% used [0x0000000781a00000,0x0000000781a9ded8,0x0000000786e00000)
 PSPermGen       total 21504K, used 20464K [0x000000077c800000, 0x000000077dd00000, 0x0000000781a00000)
  object space 21504K, 95% used [0x000000077c800000,0x000000077dbfc088,0x000000077dd00000)
Event: 10.753 GC heap after
Heap after GC invocations=3 (full 0):
 PSYoungGen      total 38400K, used 5095K [0x00000007d5e00000, 0x00000007da900000, 0x0000000800000000)
  eden space 33280K, 0% used [0x00000007d5e00000,0x00000007d5e00000,0x00000007d7e80000)
  from space 5120K, 99% used [0x00000007d7e80000,0x00000007d8379fb8,0x00000007d8380000)
  to   space 5120K, 0% used [0x00000007da400000,0x00000007da400000,0x00000007da900000)
 ParOldGen       total 86016K, used 57823K [0x0000000781a00000, 0x0000000786e00000, 0x00000007d5e00000)
  object space 86016K, 67% used [0x0000000781a00000,0x0000000785277ef8,0x0000000786e00000)
 PSPermGen       total 21504K, used 20464K [0x000000077c800000, 0x000000077dd00000, 0x0000000781a00000)
  object space 21504K, 95% used [0x000000077c800000,0x000000077dbfc088,0x000000077dd00000)
}
Event: 10.753 GC heap before
{Heap before GC invocations=4 (full 1):
 PSYoungGen      total 38400K, used 5095K [0x00000007d5e00000, 0x00000007da900000, 0x0000000800000000)
  eden space 33280K, 0% used [0x00000007d5e00000,0x00000007d5e00000,0x00000007d7e80000)
  from space 5120K, 99% used [0x00000007d7e80000,0x00000007d8379fb8,0x00000007d8380000)
  to   space 5120K, 0% used [0x00000007da400000,0x00000007da400000,0x00000007da900000)
 ParOldGen       total 86016K, used 57823K [0x0000000781a00000, 0x0000000786e00000, 0x00000007d5e00000)
  object space 86016K, 67% used [0x0000000781a00000,0x0000000785277ef8,0x0000000786e00000)
 PSPermGen       total 21504K, used 20464K [0x000000077c800000, 0x000000077dd00000, 0x0000000781a00000)
  object space 21504K, 95% used [0x000000077c800000,0x000000077dbfc088,0x000000077dd00000)
Event: 11.017 GC heap after
Heap after GC invocations=4 (full 1):
 PSYoungGen      total 38400K, used 0K [0x00000007d5e00000, 0x00000007da900000, 0x0000000800000000)
  eden space 33280K, 0% used [0x00000007d5e00000,0x00000007d5e00000,0x00000007d7e80000)
  from space 5120K, 0% used [0x00000007d7e80000,0x00000007d7e80000,0x00000007d8380000)
  to   space 5120K, 0% used [0x00000007da400000,0x00000007da400000,0x00000007da900000)
 ParOldGen       total 134144K, used 24937K [0x0000000781a00000, 0x0000000789d00000, 0x00000007d5e00000)
  object space 134144K, 18% used [0x0000000781a00000,0x000000078325a5a0,0x0000000789d00000)
 PSPermGen       total 40960K, used 20457K [0x000000077c800000, 0x000000077f000000, 0x0000000781a00000)
  object space 40960K, 49% used [0x000000077c800000,0x000000077dbfa660,0x000000077f000000)
}
Event: 11.451 GC heap before
{Heap before GC invocations=5 (full 1):
 PSYoungGen      total 38400K, used 33277K [0x00000007d5e00000, 0x00000007da900000, 0x0000000800000000)
  eden space 33280K, 99% used [0x00000007d5e00000,0x00000007d7e7f700,0x00000007d7e80000)
  from space 5120K, 0% used [0x00000007d7e80000,0x00000007d7e80000,0x00000007d8380000)
  to   space 5120K, 0% used [0x00000007da400000,0x00000007da400000,0x00000007da900000)
 ParOldGen       total 134144K, used 50173K [0x0000000781a00000, 0x0000000789d00000, 0x00000007d5e00000)
  object space 134144K, 37% used [0x0000000781a00000,0x0000000784aff5b0,0x0000000789d00000)
 PSPermGen       total 40960K, used 20460K [0x000000077c800000, 0x000000077f000000, 0x0000000781a00000)
  object space 40960K, 49% used [0x000000077c800000,0x000000077dbfb180,0x000000077f000000)
Event: 11.506 GC heap after
Heap after GC invocations=5 (full 1):
 PSYoungGen      total 53248K, used 192K [0x00000007d5e00000, 0x00000007da480000, 0x0000000800000000)
  eden space 52736K, 0% used [0x00000007d5e00000,0x00000007d5e00000,0x00000007d9180000)
  from space 512K, 37% used [0x00000007da400000,0x00000007da430390,0x00000007da480000)
  to   space 5120K, 0% used [0x00000007d9a80000,0x00000007d9a80000,0x00000007d9f80000)
 ParOldGen       total 134144K, used 106954K [0x0000000781a00000, 0x0000000789d00000, 0x00000007d5e00000)
  object space 134144K, 79% used [0x0000000781a00000,0x00000007882729e0,0x0000000789d00000)
 PSPermGen       total 40960K, used 20460K [0x000000077c800000, 0x000000077f000000, 0x0000000781a00000)
  object space 40960K, 49% used [0x000000077c800000,0x000000077dbfb180,0x000000077f000000)
}
Event: 11.506 GC heap before
{Heap before GC invocations=6 (full 2):
 PSYoungGen      total 53248K, used 192K [0x00000007d5e00000, 0x00000007da480000, 0x0000000800000000)
  eden space 52736K, 0% used [0x00000007d5e00000,0x00000007d5e00000,0x00000007d9180000)
  from space 512K, 37% used [0x00000007da400000,0x00000007da430390,0x00000007da480000)
  to   space 5120K, 0% used [0x00000007d9a80000,0x00000007d9a80000,0x00000007d9f80000)
 ParOldGen       total 134144K, used 106954K [0x0000000781a00000, 0x0000000789d00000, 0x00000007d5e00000)
  object space 134144K, 79% used [0x0000000781a00000,0x00000007882729e0,0x0000000789d00000)
 PSPermGen       total 40960K, used 20460K [0x000000077c800000, 0x000000077f000000, 0x0000000781a00000)
  object space 40960K, 49% used [0x000000077c800000,0x000000077dbfb180,0x000000077f000000)
Event: 11.651 GC heap after
Heap after GC invocations=6 (full 2):
 PSYoungGen      total 53248K, used 0K [0x00000007d5e00000, 0x00000007da480000, 0x0000000800000000)
  eden space 52736K, 0% used [0x00000007d5e00000,0x00000007d5e00000,0x00000007d9180000)
  from space 512K, 0% used [0x00000007da400000,0x00000007da400000,0x00000007da480000)
  to   space 5120K, 0% used [0x00000007d9a80000,0x00000007d9a80000,0x00000007d9f80000)
 ParOldGen       total 223744K, used 49627K [0x0000000781a00000, 0x000000078f480000, 0x00000007d5e00000)
  object space 223744K, 22% used [0x0000000781a00000,0x0000000784a76de0,0x000000078f480000)
 PSPermGen       total 46080K, used 20460K [0x000000077c800000, 0x000000077f500000, 0x0000000781a00000)
  object space 46080K, 44% used [0x000000077c800000,0x000000077dbfb180,0x000000077f500000)
}

