# JRE version: Java(TM) SE Runtime Environment (7.0_79-b15) (build 1.7.0_79-b15)
# Java VM: Java HotSpot(TM) 64-Bit Server VM (24.79-b02 mixed mode windows-amd64 compressed oops)
Heap
 PSYoungGen      total 65536K, used 32587K [0x00000007d5e00000, 0x00000007e0700000, 0x0000000800000000)
  eden space 60416K, 48% used [0x00000007d5e00000,0x00000007d7a951d0,0x00000007d9900000)
  from space 5120K, 64% used [0x00000007d9a80000,0x00000007d9dbdbf0,0x00000007d9f80000)
  to   space 56320K, 0% used [0x00000007dd000000,0x00000007dd000000,0x00000007e0700000)
 ParOldGen       total 225792K, used 49642K [0x0000000781a00000, 0x000000078f680000, 0x00000007d5e00000)
  object space 225792K, 21% used [0x0000000781a00000,0x0000000784a7ab80,0x000000078f680000)
 PSPermGen       total 46592K, used 24260K [0x000000077c800000, 0x000000077f580000, 0x0000000781a00000)
  object space 46592K, 52% used [0x000000077c800000,0x000000077dfb13a8,0x000000077f580000)
GC Heap History (10 events):
Event: 9.116 GC heap before
{Heap before GC invocations=3 (full 0):
 PSYoungGen      total 38400K, used 38381K [0x00000007d5e00000, 0x00000007d8880000, 0x0000000800000000)
  eden space 33280K, 100% used [0x00000007d5e00000,0x00000007d7e80000,0x00000007d7e80000)
  from space 5120K, 99% used [0x00000007d8380000,0x00000007d887b518,0x00000007d8880000)
  to   space 5120K, 0% used [0x00000007d7e80000,0x00000007d7e80000,0x00000007d8380000)
 ParOldGen       total 86016K, used 625K [0x0000000781a00000, 0x0000000786e00000, 0x00000007d5e00000)
  object space 86016K, 0% used [0x0000000781a00000,0x0000000781a9c470,0x0000000786e00000)
 PSPermGen       total 21504K, used 20517K [0x000000077c800000, 0x000000077dd00000, 0x0000000781a00000)
  object space 21504K, 95% used [0x000000077c800000,0x000000077dc094e0,0x000000077dd00000)
Event: 9.174 GC heap after
Heap after GC invocations=3 (full 0):
 PSYoungGen      total 38400K, used 5096K [0x00000007d5e00000, 0x00000007da900000, 0x0000000800000000)
  eden space 33280K, 0% used [0x00000007d5e00000,0x00000007d5e00000,0x00000007d7e80000)
  from space 5120K, 99% used [0x00000007d7e80000,0x00000007d837a1b0,0x00000007d8380000)
  to   space 5120K, 0% used [0x00000007da400000,0x00000007da400000,0x00000007da900000)
 ParOldGen       total 86016K, used 57781K [0x0000000781a00000, 0x0000000786e00000, 0x00000007d5e00000)
  object space 86016K, 67% used [0x0000000781a00000,0x000000078526d4c0,0x0000000786e00000)
 PSPermGen       total 21504K, used 20517K [0x000000077c800000, 0x000000077dd00000, 0x0000000781a00000)
  object space 21504K, 95% used [0x000000077c800000,0x000000077dc094e0,0x000000077dd00000)
}
Event: 9.175 GC heap before
{Heap before GC invocations=4 (full 1):
 PSYoungGen      total 38400K, used 5096K [0x00000007d5e00000, 0x00000007da900000, 0x0000000800000000)
  eden space 33280K, 0% used [0x00000007d5e00000,0x00000007d5e00000,0x00000007d7e80000)
  from space 5120K, 99% used [0x00000007d7e80000,0x00000007d837a1b0,0x00000007d8380000)
  to   space 5120K, 0% used [0x00000007da400000,0x00000007da400000,0x00000007da900000)
 ParOldGen       total 86016K, used 57781K [0x0000000781a00000, 0x0000000786e00000, 0x00000007d5e00000)
  object space 86016K, 67% used [0x0000000781a00000,0x000000078526d4c0,0x0000000786e00000)
 PSPermGen       total 21504K, used 20517K [0x000000077c800000, 0x000000077dd00000, 0x0000000781a00000)
  object space 21504K, 95% used [0x000000077c800000,0x000000077dc094e0,0x000000077dd00000)
Event: 9.405 GC heap after
Heap after GC invocations=4 (full 1):
 PSYoungGen      total 38400K, used 0K [0x00000007d5e00000, 0x00000007da900000, 0x0000000800000000)
  eden space 33280K, 0% used [0x00000007d5e00000,0x00000007d5e00000,0x00000007d7e80000)
  from space 5120K, 0% used [0x00000007d7e80000,0x00000007d7e80000,0x00000007d8380000)
  to   space 5120K, 0% used [0x00000007da400000,0x00000007da400000,0x00000007da900000)
 ParOldGen       total 135168K, used 24931K [0x0000000781a00000, 0x0000000789e00000, 0x00000007d5e00000)
  object space 135168K, 18% used [0x0000000781a00000,0x0000000783258ef8,0x0000000789e00000)
 PSPermGen       total 41472K, used 20510K [0x000000077c800000, 0x000000077f080000, 0x0000000781a00000)
  object space 41472K, 49% used [0x000000077c800000,0x000000077dc07a98,0x000000077f080000)
}
Event: 9.748 GC heap before
{Heap before GC invocations=5 (full 1):
 PSYoungGen      total 38400K, used 33267K [0x00000007d5e00000, 0x00000007da900000, 0x0000000800000000)
  eden space 33280K, 99% used [0x00000007d5e00000,0x00000007d7e7cc40,0x00000007d7e80000)
  from space 5120K, 0% used [0x00000007d7e80000,0x00000007d7e80000,0x00000007d8380000)
  to   space 5120K, 0% used [0x00000007da400000,0x00000007da400000,0x00000007da900000)
 ParOldGen       total 135168K, used 50167K [0x0000000781a00000, 0x0000000789e00000, 0x00000007d5e00000)
  object space 135168K, 37% used [0x0000000781a00000,0x0000000784afdf08,0x0000000789e00000)
 PSPermGen       total 41472K, used 20513K [0x000000077c800000, 0x000000077f080000, 0x0000000781a00000)
  object space 41472K, 49% used [0x000000077c800000,0x000000077dc08418,0x000000077f080000)
Event: 9.788 GC heap after
Heap after GC invocations=5 (full 1):
 PSYoungGen      total 52224K, used 224K [0x00000007d5e00000, 0x00000007da480000, 0x0000000800000000)
  eden space 51712K, 0% used [0x00000007d5e00000,0x00000007d5e00000,0x00000007d9080000)
  from space 512K, 43% used [0x00000007da400000,0x00000007da438390,0x00000007da480000)
  to   space 5120K, 0% used [0x00000007d9a80000,0x00000007d9a80000,0x00000007d9f80000)
 ParOldGen       total 135168K, used 106948K [0x0000000781a00000, 0x0000000789e00000, 0x00000007d5e00000)
  object space 135168K, 79% used [0x0000000781a00000,0x0000000788271338,0x0000000789e00000)
 PSPermGen       total 41472K, used 20513K [0x000000077c800000, 0x000000077f080000, 0x0000000781a00000)
  object space 41472K, 49% used [0x000000077c800000,0x000000077dc08418,0x000000077f080000)
}
Event: 9.788 GC heap before
{Heap before GC invocations=6 (full 2):
 PSYoungGen      total 52224K, used 224K [0x00000007d5e00000, 0x00000007da480000, 0x0000000800000000)
  eden space 51712K, 0% used [0x00000007d5e00000,0x00000007d5e00000,0x00000007d9080000)
  from space 512K, 43% used [0x00000007da400000,0x00000007da438390,0x00000007da480000)
  to   space 5120K, 0% used [0x00000007d9a80000,0x00000007d9a80000,0x00000007d9f80000)
 ParOldGen       total 135168K, used 106948K [0x0000000781a00000, 0x0000000789e00000, 0x00000007d5e00000)
  object space 135168K, 79% used [0x0000000781a00000,0x0000000788271338,0x0000000789e00000)
 PSPermGen       total 41472K, used 20513K [0x000000077c800000, 0x000000077f080000, 0x0000000781a00000)
  object space 41472K, 49% used [0x000000077c800000,0x000000077dc08418,0x000000077f080000)
Event: 9.891 GC heap after
Heap after GC invocations=6 (full 2):
 PSYoungGen      total 52224K, used 0K [0x00000007d5e00000, 0x00000007da480000, 0x0000000800000000)
  eden space 51712K, 0% used [0x00000007d5e00000,0x00000007d5e00000,0x00000007d9080000)
  from space 512K, 0% used [0x00000007da400000,0x00000007da400000,0x00000007da480000)
  to   space 5120K, 0% used [0x00000007d9a80000,0x00000007d9a80000,0x00000007d9f80000)
 ParOldGen       total 225792K, used 49642K [0x0000000781a00000, 0x000000078f680000, 0x00000007d5e00000)
  object space 225792K, 21% used [0x0000000781a00000,0x0000000784a7ab80,0x000000078f680000)
 PSPermGen       total 46592K, used 20513K [0x000000077c800000, 0x000000077f580000, 0x0000000781a00000)
  object space 46592K, 44% used [0x000000077c800000,0x000000077dc08418,0x000000077f580000)
}
Event: 13.121 GC heap before
{Heap before GC invocations=7 (full 2):
 PSYoungGen      total 52224K, used 51712K [0x00000007d5e00000, 0x00000007da480000, 0x0000000800000000)
  eden space 51712K, 100% used [0x00000007d5e00000,0x00000007d9080000,0x00000007d9080000)
  from space 512K, 0% used [0x00000007da400000,0x00000007da400000,0x00000007da480000)
  to   space 5120K, 0% used [0x00000007d9a80000,0x00000007d9a80000,0x00000007d9f80000)
 ParOldGen       total 225792K, used 49642K [0x0000000781a00000, 0x000000078f680000, 0x00000007d5e00000)
  object space 225792K, 21% used [0x0000000781a00000,0x0000000784a7ab80,0x000000078f680000)
 PSPermGen       total 46592K, used 20905K [0x000000077c800000, 0x000000077f580000, 0x0000000781a00000)
  object space 46592K, 44% used [0x000000077c800000,0x000000077dc6a528,0x000000077f580000)
Event: 13.129 GC heap after
Heap after GC invocations=7 (full 2):
 PSYoungGen      total 65536K, used 3318K [0x00000007d5e00000, 0x00000007e0700000, 0x0000000800000000)
  eden space 60416K, 0% used [0x00000007d5e00000,0x00000007d5e00000,0x00000007d9900000)
  from space 5120K, 64% used [0x00000007d9a80000,0x00000007d9dbdbf0,0x00000007d9f80000)
  to   space 56320K, 0% used [0x00000007dd000000,0x00000007dd000000,0x00000007e0700000)
 ParOldGen       total 225792K, used 49642K [0x0000000781a00000, 0x000000078f680000, 0x00000007d5e00000)
  object space 225792K, 21% used [0x0000000781a00000,0x0000000784a7ab80,0x000000078f680000)
 PSPermGen       total 46592K, used 20905K [0x000000077c800000, 0x000000077f580000, 0x0000000781a00000)
  object space 46592K, 44% used [0x000000077c800000,0x000000077dc6a528,0x000000077f580000)
}

