# JRE version: Java(TM) SE Runtime Environment (7.0_79-b15) (build 1.7.0_79-b15)
# Java VM: Java HotSpot(TM) 64-Bit Server VM (24.79-b02 mixed mode windows-amd64 compressed oops)
Heap
 PSYoungGen      total 67072K, used 28051K [0x00000007d5e00000, 0x00000007e1700000, 0x0000000800000000)
  eden space 61952K, 39% used [0x00000007d5e00000,0x00000007d75bb470,0x00000007d9a80000)
  from space 5120K, 73% used [0x00000007d9a80000,0x00000007d9e29b30,0x00000007d9f80000)
  to   space 55808K, 0% used [0x00000007de080000,0x00000007de080000,0x00000007e1700000)
 ParOldGen       total 203776K, used 58808K [0x0000000781a00000, 0x000000078e100000, 0x00000007d5e00000)
  object space 203776K, 28% used [0x0000000781a00000,0x000000078536e110,0x000000078e100000)
 PSPermGen       total 46080K, used 24293K [0x000000077c800000, 0x000000077f500000, 0x0000000781a00000)
  object space 46080K, 52% used [0x000000077c800000,0x000000077dfb96b8,0x000000077f500000)
GC Heap History (10 events):
Event: 10.538 GC heap before
{Heap before GC invocations=3 (full 0):
 PSYoungGen      total 38400K, used 38384K [0x00000007d5e00000, 0x00000007d8880000, 0x0000000800000000)
  eden space 33280K, 99% used [0x00000007d5e00000,0x00000007d7e7ece0,0x00000007d7e80000)
  from space 5120K, 99% used [0x00000007d8380000,0x00000007d887d448,0x00000007d8880000)
  to   space 5120K, 0% used [0x00000007d7e80000,0x00000007d7e80000,0x00000007d8380000)
 ParOldGen       total 86016K, used 623K [0x0000000781a00000, 0x0000000786e00000, 0x00000007d5e00000)
  object space 86016K, 0% used [0x0000000781a00000,0x0000000781a9bf98,0x0000000786e00000)
 PSPermGen       total 21504K, used 20463K [0x000000077c800000, 0x000000077dd00000, 0x0000000781a00000)
  object space 21504K, 95% used [0x000000077c800000,0x000000077dbfbf90,0x000000077dd00000)
Event: 10.604 GC heap after
Heap after GC invocations=3 (full 0):
 PSYoungGen      total 38400K, used 5096K [0x00000007d5e00000, 0x00000007da900000, 0x0000000800000000)
  eden space 33280K, 0% used [0x00000007d5e00000,0x00000007d5e00000,0x00000007d7e80000)
  from space 5120K, 99% used [0x00000007d7e80000,0x00000007d837a190,0x00000007d8380000)
  to   space 5120K, 0% used [0x00000007da400000,0x00000007da400000,0x00000007da900000)
 ParOldGen       total 86016K, used 57767K [0x0000000781a00000, 0x0000000786e00000, 0x00000007d5e00000)
  object space 86016K, 67% used [0x0000000781a00000,0x0000000785269fd8,0x0000000786e00000)
 PSPermGen       total 21504K, used 20463K [0x000000077c800000, 0x000000077dd00000, 0x0000000781a00000)
  object space 21504K, 95% used [0x000000077c800000,0x000000077dbfbf90,0x000000077dd00000)
}
Event: 10.604 GC heap before
{Heap before GC invocations=4 (full 1):
 PSYoungGen      total 38400K, used 5096K [0x00000007d5e00000, 0x00000007da900000, 0x0000000800000000)
  eden space 33280K, 0% used [0x00000007d5e00000,0x00000007d5e00000,0x00000007d7e80000)
  from space 5120K, 99% used [0x00000007d7e80000,0x00000007d837a190,0x00000007d8380000)
  to   space 5120K, 0% used [0x00000007da400000,0x00000007da400000,0x00000007da900000)
 ParOldGen       total 86016K, used 57767K [0x0000000781a00000, 0x0000000786e00000, 0x00000007d5e00000)
  object space 86016K, 67% used [0x0000000781a00000,0x0000000785269fd8,0x0000000786e00000)
 PSPermGen       total 21504K, used 20463K [0x000000077c800000, 0x000000077dd00000, 0x0000000781a00000)
  object space 21504K, 95% used [0x000000077c800000,0x000000077dbfbf90,0x000000077dd00000)
Event: 10.729 GC heap after
Heap after GC invocations=4 (full 1):
 PSYoungGen      total 38400K, used 0K [0x00000007d5e00000, 0x00000007da900000, 0x0000000800000000)
  eden space 33280K, 0% used [0x00000007d5e00000,0x00000007d5e00000,0x00000007d7e80000)
  from space 5120K, 0% used [0x00000007d7e80000,0x00000007d7e80000,0x00000007d8380000)
  to   space 5120K, 0% used [0x00000007da400000,0x00000007da400000,0x00000007da900000)
 ParOldGen       total 125952K, used 25044K [0x0000000781a00000, 0x0000000789500000, 0x00000007d5e00000)
  object space 125952K, 19% used [0x0000000781a00000,0x0000000783275248,0x0000000789500000)
 PSPermGen       total 40960K, used 20457K [0x000000077c800000, 0x000000077f000000, 0x0000000781a00000)
  object space 40960K, 49% used [0x000000077c800000,0x000000077dbfa588,0x000000077f000000)
}
Event: 10.925 GC heap before
{Heap before GC invocations=5 (full 1):
 PSYoungGen      total 38400K, used 33276K [0x00000007d5e00000, 0x00000007da900000, 0x0000000800000000)
  eden space 33280K, 99% used [0x00000007d5e00000,0x00000007d7e7f088,0x00000007d7e80000)
  from space 5120K, 0% used [0x00000007d7e80000,0x00000007d7e80000,0x00000007d8380000)
  to   space 5120K, 0% used [0x00000007da400000,0x00000007da400000,0x00000007da900000)
 ParOldGen       total 125952K, used 50280K [0x0000000781a00000, 0x0000000789500000, 0x00000007d5e00000)
  object space 125952K, 39% used [0x0000000781a00000,0x0000000784b1a258,0x0000000789500000)
 PSPermGen       total 40960K, used 20460K [0x000000077c800000, 0x000000077f000000, 0x0000000781a00000)
  object space 40960K, 49% used [0x000000077c800000,0x000000077dbfb228,0x000000077f000000)
Event: 10.976 GC heap after
Heap after GC invocations=5 (full 1):
 PSYoungGen      total 61440K, used 224K [0x00000007d5e00000, 0x00000007da480000, 0x0000000800000000)
  eden space 60928K, 0% used [0x00000007d5e00000,0x00000007d5e00000,0x00000007d9980000)
  from space 512K, 43% used [0x00000007da400000,0x00000007da438390,0x00000007da480000)
  to   space 5120K, 0% used [0x00000007d9a80000,0x00000007d9a80000,0x00000007d9f80000)
 ParOldGen       total 125952K, used 107061K [0x0000000781a00000, 0x0000000789500000, 0x00000007d5e00000)
  object space 125952K, 85% used [0x0000000781a00000,0x000000078828d688,0x0000000789500000)
 PSPermGen       total 40960K, used 20460K [0x000000077c800000, 0x000000077f000000, 0x0000000781a00000)
  object space 40960K, 49% used [0x000000077c800000,0x000000077dbfb228,0x000000077f000000)
}
Event: 10.976 GC heap before
{Heap before GC invocations=6 (full 2):
 PSYoungGen      total 61440K, used 224K [0x00000007d5e00000, 0x00000007da480000, 0x0000000800000000)
  eden space 60928K, 0% used [0x00000007d5e00000,0x00000007d5e00000,0x00000007d9980000)
  from space 512K, 43% used [0x00000007da400000,0x00000007da438390,0x00000007da480000)
  to   space 5120K, 0% used [0x00000007d9a80000,0x00000007d9a80000,0x00000007d9f80000)
 ParOldGen       total 125952K, used 107061K [0x0000000781a00000, 0x0000000789500000, 0x00000007d5e00000)
  object space 125952K, 85% used [0x0000000781a00000,0x000000078828d688,0x0000000789500000)
 PSPermGen       total 40960K, used 20460K [0x000000077c800000, 0x000000077f000000, 0x0000000781a00000)
  object space 40960K, 49% used [0x000000077c800000,0x000000077dbfb228,0x000000077f000000)
Event: 11.044 GC heap after
Heap after GC invocations=6 (full 2):
 PSYoungGen      total 61440K, used 0K [0x00000007d5e00000, 0x00000007da480000, 0x0000000800000000)
  eden space 60928K, 0% used [0x00000007d5e00000,0x00000007d5e00000,0x00000007d9980000)
  from space 512K, 0% used [0x00000007da400000,0x00000007da400000,0x00000007da480000)
  to   space 5120K, 0% used [0x00000007d9a80000,0x00000007d9a80000,0x00000007d9f80000)
 ParOldGen       total 203776K, used 49626K [0x0000000781a00000, 0x000000078e100000, 0x00000007d5e00000)
  object space 203776K, 24% used [0x0000000781a00000,0x0000000784a76970,0x000000078e100000)
 PSPermGen       total 46080K, used 20460K [0x000000077c800000, 0x000000077f500000, 0x0000000781a00000)
  object space 46080K, 44% used [0x000000077c800000,0x000000077dbfb228,0x000000077f500000)
}
Event: 17.361 GC heap before
{Heap before GC invocations=7 (full 2):
 PSYoungGen      total 61440K, used 60928K [0x00000007d5e00000, 0x00000007da480000, 0x0000000800000000)
  eden space 60928K, 100% used [0x00000007d5e00000,0x00000007d9980000,0x00000007d9980000)
  from space 512K, 0% used [0x00000007da400000,0x00000007da400000,0x00000007da480000)
  to   space 5120K, 0% used [0x00000007d9a80000,0x00000007d9a80000,0x00000007d9f80000)
 ParOldGen       total 203776K, used 49626K [0x0000000781a00000, 0x000000078e100000, 0x00000007d5e00000)
  object space 203776K, 24% used [0x0000000781a00000,0x0000000784a76970,0x000000078e100000)
 PSPermGen       total 46080K, used 20963K [0x000000077c800000, 0x000000077f500000, 0x0000000781a00000)
  object space 46080K, 45% used [0x000000077c800000,0x000000077dc78fd8,0x000000077f500000)
Event: 17.380 GC heap after
Heap after GC invocations=7 (full 2):
 PSYoungGen      total 67072K, used 3750K [0x00000007d5e00000, 0x00000007e1700000, 0x0000000800000000)
  eden space 61952K, 0% used [0x00000007d5e00000,0x00000007d5e00000,0x00000007d9a80000)
  from space 5120K, 73% used [0x00000007d9a80000,0x00000007d9e29b30,0x00000007d9f80000)
  to   space 55808K, 0% used [0x00000007de080000,0x00000007de080000,0x00000007e1700000)
 ParOldGen       total 203776K, used 58808K [0x0000000781a00000, 0x000000078e100000, 0x00000007d5e00000)
  object space 203776K, 28% used [0x0000000781a00000,0x000000078536e110,0x000000078e100000)
 PSPermGen       total 46080K, used 20963K [0x000000077c800000, 0x000000077f500000, 0x0000000781a00000)
  object space 46080K, 45% used [0x000000077c800000,0x000000077dc78fd8,0x000000077f500000)
}

