# JRE version: Java(TM) SE Runtime Environment (7.0_79-b15) (build 1.7.0_79-b15)
# Java VM: Java HotSpot(TM) 64-Bit Server VM (24.79-b02 mixed mode windows-amd64 compressed oops)
Heap
 PSYoungGen      total 53248K, used 45372K [0x00000007d5e00000, 0x00000007da480000, 0x0000000800000000)
  eden space 52736K, 86% used [0x00000007d5e00000,0x00000007d8a4f090,0x00000007d9180000)
  from space 512K, 0% used [0x00000007da400000,0x00000007da400000,0x00000007da480000)
  to   space 5120K, 0% used [0x00000007d9a80000,0x00000007d9a80000,0x00000007d9f80000)
 ParOldGen       total 222720K, used 49628K [0x0000000781a00000, 0x000000078f380000, 0x00000007d5e00000)
  object space 222720K, 22% used [0x0000000781a00000,0x0000000784a77058,0x000000078f380000)
 PSPermGen       total 46080K, used 20500K [0x000000077c800000, 0x000000077f500000, 0x0000000781a00000)
  object space 46080K, 44% used [0x000000077c800000,0x000000077dc05018,0x000000077f500000)
GC Heap History (10 events):
Event: 8.401 GC heap before
{Heap before GC invocations=2 (full 0):
 PSYoungGen      total 38400K, used 38054K [0x00000007d5e00000, 0x00000007d8880000, 0x0000000800000000)
  eden space 33280K, 100% used [0x00000007d5e00000,0x00000007d7e80000,0x00000007d7e80000)
  from space 5120K, 93% used [0x00000007d7e80000,0x00000007d8329b40,0x00000007d8380000)
  to   space 5120K, 0% used [0x00000007d8380000,0x00000007d8380000,0x00000007d8880000)
 ParOldGen       total 86016K, used 8K [0x0000000781a00000, 0x0000000786e00000, 0x00000007d5e00000)
  object space 86016K, 0% used [0x0000000781a00000,0x0000000781a02000,0x0000000786e00000)
 PSPermGen       total 21504K, used 16642K [0x000000077c800000, 0x000000077dd00000, 0x0000000781a00000)
  object space 21504K, 77% used [0x000000077c800000,0x000000077d840b60,0x000000077dd00000)
Event: 8.436 GC heap after
Heap after GC invocations=2 (full 0):
 PSYoungGen      total 38400K, used 5111K [0x00000007d5e00000, 0x00000007d8880000, 0x0000000800000000)
  eden space 33280K, 0% used [0x00000007d5e00000,0x00000007d5e00000,0x00000007d7e80000)
  from space 5120K, 99% used [0x00000007d8380000,0x00000007d887dd48,0x00000007d8880000)
  to   space 5120K, 0% used [0x00000007d7e80000,0x00000007d7e80000,0x00000007d8380000)
 ParOldGen       total 86016K, used 691K [0x0000000781a00000, 0x0000000786e00000, 0x00000007d5e00000)
  object space 86016K, 0% used [0x0000000781a00000,0x0000000781aacf50,0x0000000786e00000)
 PSPermGen       total 21504K, used 16642K [0x000000077c800000, 0x000000077dd00000, 0x0000000781a00000)
  object space 21504K, 77% used [0x000000077c800000,0x000000077d840b60,0x000000077dd00000)
}
Event: 10.176 GC heap before
{Heap before GC invocations=3 (full 0):
 PSYoungGen      total 38400K, used 38379K [0x00000007d5e00000, 0x00000007d8880000, 0x0000000800000000)
  eden space 33280K, 99% used [0x00000007d5e00000,0x00000007d7e7d0c8,0x00000007d7e80000)
  from space 5120K, 99% used [0x00000007d8380000,0x00000007d887dd48,0x00000007d8880000)
  to   space 5120K, 0% used [0x00000007d7e80000,0x00000007d7e80000,0x00000007d8380000)
 ParOldGen       total 86016K, used 691K [0x0000000781a00000, 0x0000000786e00000, 0x00000007d5e00000)
  object space 86016K, 0% used [0x0000000781a00000,0x0000000781aacf50,0x0000000786e00000)
 PSPermGen       total 21504K, used 20465K [0x000000077c800000, 0x000000077dd00000, 0x0000000781a00000)
  object space 21504K, 95% used [0x000000077c800000,0x000000077dbfc7b8,0x000000077dd00000)
Event: 10.264 GC heap after
Heap after GC invocations=3 (full 0):
 PSYoungGen      total 38400K, used 5095K [0x00000007d5e00000, 0x00000007da900000, 0x0000000800000000)
  eden space 33280K, 0% used [0x00000007d5e00000,0x00000007d5e00000,0x00000007d7e80000)
  from space 5120K, 99% used [0x00000007d7e80000,0x00000007d8379fd8,0x00000007d8380000)
  to   space 5120K, 0% used [0x00000007da400000,0x00000007da400000,0x00000007da900000)
 ParOldGen       total 86016K, used 57883K [0x0000000781a00000, 0x0000000786e00000, 0x00000007d5e00000)
  object space 86016K, 67% used [0x0000000781a00000,0x0000000785286f70,0x0000000786e00000)
 PSPermGen       total 21504K, used 20465K [0x000000077c800000, 0x000000077dd00000, 0x0000000781a00000)
  object space 21504K, 95% used [0x000000077c800000,0x000000077dbfc7b8,0x000000077dd00000)
}
Event: 10.264 GC heap before
{Heap before GC invocations=4 (full 1):
 PSYoungGen      total 38400K, used 5095K [0x00000007d5e00000, 0x00000007da900000, 0x0000000800000000)
  eden space 33280K, 0% used [0x00000007d5e00000,0x00000007d5e00000,0x00000007d7e80000)
  from space 5120K, 99% used [0x00000007d7e80000,0x00000007d8379fd8,0x00000007d8380000)
  to   space 5120K, 0% used [0x00000007da400000,0x00000007da400000,0x00000007da900000)
 ParOldGen       total 86016K, used 57883K [0x0000000781a00000, 0x0000000786e00000, 0x00000007d5e00000)
  object space 86016K, 67% used [0x0000000781a00000,0x0000000785286f70,0x0000000786e00000)
 PSPermGen       total 21504K, used 20465K [0x000000077c800000, 0x000000077dd00000, 0x0000000781a00000)
  object space 21504K, 95% used [0x000000077c800000,0x000000077dbfc7b8,0x000000077dd00000)
Event: 10.531 GC heap after
Heap after GC invocations=4 (full 1):
 PSYoungGen      total 38400K, used 0K [0x00000007d5e00000, 0x00000007da900000, 0x0000000800000000)
  eden space 33280K, 0% used [0x00000007d5e00000,0x00000007d5e00000,0x00000007d7e80000)
  from space 5120K, 0% used [0x00000007d7e80000,0x00000007d7e80000,0x00000007d8380000)
  to   space 5120K, 0% used [0x00000007da400000,0x00000007da400000,0x00000007da900000)
 ParOldGen       total 133632K, used 24991K [0x0000000781a00000, 0x0000000789c80000, 0x00000007d5e00000)
  object space 133632K, 18% used [0x0000000781a00000,0x0000000783267f20,0x0000000789c80000)
 PSPermGen       total 40960K, used 20459K [0x000000077c800000, 0x000000077f000000, 0x0000000781a00000)
  object space 40960K, 49% used [0x000000077c800000,0x000000077dbfadb0,0x000000077f000000)
}
Event: 10.977 GC heap before
{Heap before GC invocations=5 (full 1):
 PSYoungGen      total 38400K, used 33276K [0x00000007d5e00000, 0x00000007da900000, 0x0000000800000000)
  eden space 33280K, 99% used [0x00000007d5e00000,0x00000007d7e7f0b0,0x00000007d7e80000)
  from space 5120K, 0% used [0x00000007d7e80000,0x00000007d7e80000,0x00000007d8380000)
  to   space 5120K, 0% used [0x00000007da400000,0x00000007da400000,0x00000007da900000)
 ParOldGen       total 133632K, used 50227K [0x0000000781a00000, 0x0000000789c80000, 0x00000007d5e00000)
  object space 133632K, 37% used [0x0000000781a00000,0x0000000784b0cf30,0x0000000789c80000)
 PSPermGen       total 40960K, used 20461K [0x000000077c800000, 0x000000077f000000, 0x0000000781a00000)
  object space 40960K, 49% used [0x000000077c800000,0x000000077dbfb650,0x000000077f000000)
Event: 11.030 GC heap after
Heap after GC invocations=5 (full 1):
 PSYoungGen      total 53248K, used 224K [0x00000007d5e00000, 0x00000007da480000, 0x0000000800000000)
  eden space 52736K, 0% used [0x00000007d5e00000,0x00000007d5e00000,0x00000007d9180000)
  from space 512K, 43% used [0x00000007da400000,0x00000007da438390,0x00000007da480000)
  to   space 5120K, 0% used [0x00000007d9a80000,0x00000007d9a80000,0x00000007d9f80000)
 ParOldGen       total 133632K, used 107008K [0x0000000781a00000, 0x0000000789c80000, 0x00000007d5e00000)
  object space 133632K, 80% used [0x0000000781a00000,0x0000000788280360,0x0000000789c80000)
 PSPermGen       total 40960K, used 20461K [0x000000077c800000, 0x000000077f000000, 0x0000000781a00000)
  object space 40960K, 49% used [0x000000077c800000,0x000000077dbfb650,0x000000077f000000)
}
Event: 11.031 GC heap before
{Heap before GC invocations=6 (full 2):
 PSYoungGen      total 53248K, used 224K [0x00000007d5e00000, 0x00000007da480000, 0x0000000800000000)
  eden space 52736K, 0% used [0x00000007d5e00000,0x00000007d5e00000,0x00000007d9180000)
  from space 512K, 43% used [0x00000007da400000,0x00000007da438390,0x00000007da480000)
  to   space 5120K, 0% used [0x00000007d9a80000,0x00000007d9a80000,0x00000007d9f80000)
 ParOldGen       total 133632K, used 107008K [0x0000000781a00000, 0x0000000789c80000, 0x00000007d5e00000)
  object space 133632K, 80% used [0x0000000781a00000,0x0000000788280360,0x0000000789c80000)
 PSPermGen       total 40960K, used 20461K [0x000000077c800000, 0x000000077f000000, 0x0000000781a00000)
  object space 40960K, 49% used [0x000000077c800000,0x000000077dbfb650,0x000000077f000000)
Event: 11.188 GC heap after
Heap after GC invocations=6 (full 2):
 PSYoungGen      total 53248K, used 0K [0x00000007d5e00000, 0x00000007da480000, 0x0000000800000000)
  eden space 52736K, 0% used [0x00000007d5e00000,0x00000007d5e00000,0x00000007d9180000)
  from space 512K, 0% used [0x00000007da400000,0x00000007da400000,0x00000007da480000)
  to   space 5120K, 0% used [0x00000007d9a80000,0x00000007d9a80000,0x00000007d9f80000)
 ParOldGen       total 222720K, used 49628K [0x0000000781a00000, 0x000000078f380000, 0x00000007d5e00000)
  object space 222720K, 22% used [0x0000000781a00000,0x0000000784a77058,0x000000078f380000)
 PSPermGen       total 46080K, used 20461K [0x000000077c800000, 0x000000077f500000, 0x0000000781a00000)
  object space 46080K, 44% used [0x000000077c800000,0x000000077dbfb650,0x000000077f500000)
}

